
> html-site@1.0.0 start
> npx serve

 INFO  Accepting connections at http://localhost:3000
 HTTP  2/1/2026 1:51:25 PM ::1 GET /gdrive/
 HTTP  2/1/2026 1:51:25 PM ::1 Returned 200 in 57 ms
 HTTP  2/1/2026 1:51:25 PM ::1 GET /fonts/inter/inter-latin-400-normal.woff2
 HTTP  2/1/2026 1:51:25 PM ::1 GET /assets/css/fonts.css
 HTTP  2/1/2026 1:51:25 PM ::1 GET /assets/css/common.css
 HTTP  2/1/2026 1:51:25 PM ::1 Returned 200 in 40 ms
 HTTP  2/1/2026 1:51:25 PM ::1 GET /assets/css/gdrive.css
 HTTP  2/1/2026 1:51:25 PM ::1 GET /fonts/inter/inter-latin-700-normal.woff2
 HTTP  2/1/2026 1:51:25 PM ::1 GET /fonts/fontawesome/webfonts/fa-brands-400.subset.woff2
 HTTP  2/1/2026 1:51:25 PM ::1 Returned 200 in 44 ms
 HTTP  2/1/2026 1:51:25 PM ::1 Returned 200 in 38 ms
 HTTP  2/1/2026 1:51:25 PM ::1 Returned 200 in 40 ms
 HTTP  2/1/2026 1:51:25 PM ::1 Returned 200 in 42 ms
 HTTP  2/1/2026 1:51:25 PM ::1 GET /fonts/fontawesome/webfonts/fa-solid-900.subset.woff2
 HTTP  2/1/2026 1:51:25 PM ::1 Returned 200 in 46 ms
 HTTP  2/1/2026 1:51:25 PM ::1 GET /fonts/fontawesome/webfonts/fa-regular-400.subset.woff2
 HTTP  2/1/2026 1:51:25 PM ::1 GET /assets/images/gdrive.png
 HTTP  2/1/2026 1:51:25 PM ::1 Returned 200 in 45 ms
 HTTP  2/1/2026 1:51:25 PM ::1 Returned 200 in 23 ms
 HTTP  2/1/2026 1:51:25 PM ::1 Returned 200 in 21 ms
 HTTP  2/1/2026 1:51:25 PM ::1 GET /assets/js/vendor-loader.js?v=2
 HTTP  2/1/2026 1:51:25 PM ::1 Returned 200 in 1 ms
 HTTP  2/1/2026 1:51:25 PM ::1 GET /assets/js/page-gdrive.js?v=2
 HTTP  2/1/2026 1:51:25 PM ::1 Returned 200 in 3 ms
 HTTP  2/1/2026 1:51:25 PM ::1 GET /assets/js/shared.js?v=2
 HTTP  2/1/2026 1:51:25 PM ::1 Returned 200 in 4 ms
 HTTP  2/1/2026 1:51:26 PM ::1 GET /fonts/inter/inter-latin-600-normal.woff2
 HTTP  2/1/2026 1:51:26 PM ::1 GET /fonts/inter/inter-latin-500-normal.woff2
 HTTP  2/1/2026 1:51:26 PM ::1 Returned 200 in 12 ms
 HTTP  2/1/2026 1:51:26 PM ::1 Returned 200 in 16 ms
 HTTP  2/1/2026 1:51:27 PM ::1 GET /~partytown/partytown-sw.js
 HTTP  2/1/2026 1:51:27 PM ::1 Returned 200 in 24 ms
 HTTP  2/1/2026 1:51:29 PM ::1 GET /~partytown/partytown-sw.js
 HTTP  2/1/2026 1:51:29 PM ::1 Returned 304 in 3 ms
 HTTP  2/1/2026 2:02:27 PM ::1 GET /gdrive/
 HTTP  2/1/2026 2:02:27 PM ::1 Returned 200 in 4 ms
 HTTP  2/1/2026 2:02:27 PM ::1 GET /fonts/inter/inter-latin-400-normal.woff2
 HTTP  2/1/2026 2:02:27 PM ::1 Returned 200 in 2 ms
 HTTP  2/1/2026 2:02:27 PM ::1 GET /assets/css/fonts.css
 HTTP  2/1/2026 2:02:27 PM ::1 GET /assets/css/common.css
 HTTP  2/1/2026 2:02:27 PM ::1 GET /assets/css/gdrive.css
 HTTP  2/1/2026 2:02:27 PM ::1 GET /fonts/inter/inter-latin-700-normal.woff2
 HTTP  2/1/2026 2:02:27 PM ::1 GET /fonts/fontawesome/webfonts/fa-brands-400.subset.woff2
 HTTP  2/1/2026 2:02:27 PM ::1 GET /fonts/fontawesome/webfonts/fa-solid-900.subset.woff2
 HTTP  2/1/2026 2:02:27 PM ::1 Returned 200 in 9 ms
 HTTP  2/1/2026 2:02:27 PM ::1 Returned 200 in 5 ms
 HTTP  2/1/2026 2:02:27 PM ::1 Returned 200 in 5 ms
 HTTP  2/1/2026 2:02:27 PM ::1 Returned 200 in 4 ms
 HTTP  2/1/2026 2:02:27 PM ::1 Returned 200 in 4 ms
 HTTP  2/1/2026 2:02:27 PM ::1 Returned 200 in 5 ms
 HTTP  2/1/2026 2:02:27 PM ::1 GET /fonts/fontawesome/webfonts/fa-regular-400.subset.woff2
 HTTP  2/1/2026 2:02:27 PM ::1 Returned 200 in 1 ms
 HTTP  2/1/2026 2:02:27 PM ::1 GET /assets/images/gdrive.png
 HTTP  2/1/2026 2:02:27 PM ::1 Returned 200 in 1 ms
 HTTP  2/1/2026 2:02:27 PM ::1 GET /assets/js/vendor-loader.js?v=2
 HTTP  2/1/2026 2:02:27 PM ::1 Returned 200 in 1 ms
 HTTP  2/1/2026 2:02:27 PM ::1 GET /assets/js/page-gdrive.js?v=2
 HTTP  2/1/2026 2:02:27 PM ::1 Returned 200 in 1 ms
 HTTP  2/1/2026 2:02:27 PM ::1 GET /assets/js/shared.js?v=2
 HTTP  2/1/2026 2:02:27 PM ::1 Returned 200 in 2 ms
 HTTP  2/1/2026 2:02:28 PM ::1 GET /fonts/inter/inter-latin-600-normal.woff2
 HTTP  2/1/2026 2:02:28 PM ::1 GET /fonts/inter/inter-latin-500-normal.woff2
 HTTP  2/1/2026 2:02:28 PM ::1 Returned 200 in 1 ms
 HTTP  2/1/2026 2:02:28 PM ::1 Returned 200 in 2 ms
 HTTP  2/1/2026 2:02:28 PM ::1 GET /~partytown/partytown-sw.js
 HTTP  2/1/2026 2:02:28 PM ::1 Returned 200 in 2 ms
 HTTP  2/1/2026 2:02:30 PM ::1 GET /~partytown/partytown-sw.js
 HTTP  2/1/2026 2:02:30 PM ::1 Returned 304 in 2 ms
 HTTP  2/1/2026 2:02:30 PM ::1 GET /adobe/
 HTTP  2/1/2026 2:02:30 PM ::1 Returned 200 in 3 ms
 HTTP  2/1/2026 2:02:30 PM ::1 GET /fonts/inter/inter-latin-400-normal.woff2
 HTTP  2/1/2026 2:02:30 PM ::1 GET /assets/css/adobe.css
 HTTP  2/1/2026 2:02:30 PM ::1 Returned 304 in 2 ms
 HTTP  2/1/2026 2:02:30 PM ::1 GET /fonts/inter/inter-latin-700-normal.woff2
 HTTP  2/1/2026 2:02:30 PM ::1 GET /fonts/fontawesome/webfonts/fa-brands-400.subset.woff2
 HTTP  2/1/2026 2:02:30 PM ::1 GET /fonts/fontawesome/webfonts/fa-solid-900.subset.woff2
 HTTP  2/1/2026 2:02:30 PM ::1 GET /fonts/fontawesome/webfonts/fa-regular-400.subset.woff2
 HTTP  2/1/2026 2:02:30 PM ::1 Returned 304 in 4 ms
 HTTP  2/1/2026 2:02:30 PM ::1 Returned 304 in 3 ms
 HTTP  2/1/2026 2:02:30 PM ::1 Returned 304 in 3 ms
 HTTP  2/1/2026 2:02:30 PM ::1 Returned 304 in 6 ms
 HTTP  2/1/2026 2:02:30 PM ::1 GET /assets/css/fonts.css
 HTTP  2/1/2026 2:02:30 PM ::1 Returned 200 in 15 ms
 HTTP  2/1/2026 2:02:30 PM ::1 Returned 304 in 1 ms
 HTTP  2/1/2026 2:02:30 PM ::1 GET /assets/css/common.css
 HTTP  2/1/2026 2:02:30 PM ::1 Returned 304 in 1 ms
 HTTP  2/1/2026 2:02:30 PM ::1 GET /assets/images/adobe.webp
 HTTP  2/1/2026 2:02:30 PM ::1 GET /assets/js/page-adobe.js?v=2
 HTTP  2/1/2026 2:02:30 PM ::1 GET /assets/js/vendor-loader.js?v=2
 HTTP  2/1/2026 2:02:30 PM ::1 GET /assets/js/shared.js?v=2
 HTTP  2/1/2026 2:02:30 PM ::1 Returned 304 in 1 ms
 HTTP  2/1/2026 2:02:30 PM ::1 Returned 304 in 1 ms
 HTTP  2/1/2026 2:02:30 PM ::1 Returned 200 in 8 ms
 HTTP  2/1/2026 2:02:30 PM ::1 Returned 200 in 7 ms
 HTTP  2/1/2026 2:02:31 PM ::1 GET /assets/images/reviews/budi-santoso.webp
 HTTP  2/1/2026 2:02:31 PM ::1 GET /assets/images/reviews/siti-aminah.webp
 HTTP  2/1/2026 2:02:31 PM ::1 Returned 200 in 11 ms
 HTTP  2/1/2026 2:02:31 PM ::1 Returned 200 in 12 ms
 HTTP  2/1/2026 2:02:33 PM ::1 GET /~partytown/partytown-sw.js
 HTTP  2/1/2026 2:02:33 PM ::1 Returned 304 in 2 ms
 HTTP  2/1/2026 2:02:33 PM ::1 GET /icloud/
 HTTP  2/1/2026 2:02:33 PM ::1 Returned 200 in 2 ms
 HTTP  2/1/2026 2:02:33 PM ::1 GET /fonts/inter/inter-latin-400-normal.woff2
 HTTP  2/1/2026 2:02:33 PM ::1 GET /fonts/inter/inter-latin-700-normal.woff2
 HTTP  2/1/2026 2:02:33 PM ::1 GET /fonts/fontawesome/webfonts/fa-brands-400.subset.woff2
 HTTP  2/1/2026 2:02:33 PM ::1 GET /fonts/fontawesome/webfonts/fa-solid-900.subset.woff2
 HTTP  2/1/2026 2:02:33 PM ::1 GET /fonts/fontawesome/webfonts/fa-regular-400.subset.woff2
 HTTP  2/1/2026 2:02:33 PM ::1 Returned 304 in 3 ms
 HTTP  2/1/2026 2:02:33 PM ::1 Returned 304 in 1 ms
 HTTP  2/1/2026 2:02:33 PM ::1 GET /assets/css/icloud.css
 HTTP  2/1/2026 2:02:33 PM ::1 Returned 304 in 2 ms
 HTTP  2/1/2026 2:02:33 PM ::1 Returned 304 in 3 ms
 HTTP  2/1/2026 2:02:33 PM ::1 Returned 304 in 2 ms
 HTTP  2/1/2026 2:02:33 PM ::1 GET /assets/css/fonts.css
 HTTP  2/1/2026 2:02:33 PM ::1 Returned 304 in 2 ms
 HTTP  2/1/2026 2:02:33 PM ::1 GET /assets/css/common.css
 HTTP  2/1/2026 2:02:33 PM ::1 Returned 304 in 1 ms
 HTTP  2/1/2026 2:02:33 PM ::1 Returned 200 in 4 ms
 HTTP  2/1/2026 2:02:33 PM ::1 GET /assets/images/icloud.webp
 HTTP  2/1/2026 2:02:33 PM ::1 GET /assets/js/vendor-loader.js?v=2
 HTTP  2/1/2026 2:02:33 PM ::1 Returned 304 in 2 ms
 HTTP  2/1/2026 2:02:33 PM ::1 GET /assets/js/page-icloud.js?v=2
 HTTP  2/1/2026 2:02:33 PM ::1 GET /assets/js/shared.js?v=2
 HTTP  2/1/2026 2:02:33 PM ::1 Returned 304 in 3 ms
 HTTP  2/1/2026 2:02:33 PM ::1 Returned 200 in 9 ms
 HTTP  2/1/2026 2:02:33 PM ::1 Returned 200 in 7 ms
 HTTP  2/1/2026 2:02:35 PM ::1 GET /~partytown/partytown-sw.js
 HTTP  2/1/2026 2:02:35 PM ::1 Returned 304 in 2 ms
 HTTP  2/1/2026 2:02:35 PM ::1 GET /ms365/
 HTTP  2/1/2026 2:02:35 PM ::1 Returned 200 in 3 ms
 HTTP  2/1/2026 2:02:35 PM ::1 GET /fonts/inter/inter-latin-400-normal.woff2
 HTTP  2/1/2026 2:02:35 PM ::1 Returned 304 in 1 ms
 HTTP  2/1/2026 2:02:35 PM ::1 GET /fonts/inter/inter-latin-700-normal.woff2
 HTTP  2/1/2026 2:02:35 PM ::1 GET /assets/css/ms365.css
 HTTP  2/1/2026 2:02:35 PM ::1 Returned 304 in 1 ms
 HTTP  2/1/2026 2:02:35 PM ::1 GET /assets/css/fonts.css
 HTTP  2/1/2026 2:02:35 PM ::1 GET /fonts/fontawesome/webfonts/fa-brands-400.subset.woff2
 HTTP  2/1/2026 2:02:35 PM ::1 GET /fonts/fontawesome/webfonts/fa-solid-900.subset.woff2
 HTTP  2/1/2026 2:02:35 PM ::1 GET /fonts/fontawesome/webfonts/fa-regular-400.subset.woff2
 HTTP  2/1/2026 2:02:35 PM ::1 Returned 304 in 2 ms
 HTTP  2/1/2026 2:02:35 PM ::1 Returned 304 in 3 ms
 HTTP  2/1/2026 2:02:35 PM ::1 Returned 304 in 2 ms
 HTTP  2/1/2026 2:02:35 PM ::1 GET /assets/css/common.css
 HTTP  2/1/2026 2:02:35 PM ::1 Returned 304 in 3 ms
 HTTP  2/1/2026 2:02:35 PM ::1 Returned 304 in 5 ms
 HTTP  2/1/2026 2:02:35 PM ::1 GET /assets/images/ms365.webp
 HTTP  2/1/2026 2:02:35 PM ::1 Returned 200 in 15 ms
 HTTP  2/1/2026 2:02:35 PM ::1 Returned 200 in 6 ms
 HTTP  2/1/2026 2:02:35 PM ::1 GET /assets/js/vendor-loader.js?v=2
 HTTP  2/1/2026 2:02:35 PM ::1 GET /assets/js/page-ms365.js?v=2
 HTTP  2/1/2026 2:02:35 PM ::1 Returned 304 in 1 ms
 HTTP  2/1/2026 2:02:35 PM ::1 GET /assets/js/shared.js?v=2
 HTTP  2/1/2026 2:02:35 PM ::1 Returned 304 in 1 ms
 HTTP  2/1/2026 2:02:35 PM ::1 Returned 200 in 5 ms
 HTTP  2/1/2026 2:02:37 PM ::1 GET /~partytown/partytown-sw.js
 HTTP  2/1/2026 2:02:37 PM ::1 Returned 304 in 1 ms
 HTTP  2/1/2026 2:02:38 PM ::1 GET /nfxid/
 HTTP  2/1/2026 2:02:38 PM ::1 Returned 200 in 2 ms
 HTTP  2/1/2026 2:02:38 PM ::1 GET /assets/css/nfxid.css
 HTTP  2/1/2026 2:02:38 PM ::1 GET /fonts/inter/inter-latin-400-normal.woff2
 HTTP  2/1/2026 2:02:38 PM ::1 GET /fonts/inter/inter-latin-700-normal.woff2
 HTTP  2/1/2026 2:02:38 PM ::1 GET /fonts/fontawesome/webfonts/fa-brands-400.subset.woff2
 HTTP  2/1/2026 2:02:38 PM ::1 GET /fonts/fontawesome/webfonts/fa-solid-900.subset.woff2
 HTTP  2/1/2026 2:02:38 PM ::1 GET /fonts/fontawesome/webfonts/fa-regular-400.subset.woff2
 HTTP  2/1/2026 2:02:38 PM ::1 Returned 304 in 3 ms
 HTTP  2/1/2026 2:02:38 PM ::1 Returned 304 in 3 ms
 HTTP  2/1/2026 2:02:38 PM ::1 Returned 304 in 3 ms
 HTTP  2/1/2026 2:02:38 PM ::1 Returned 304 in 3 ms
 HTTP  2/1/2026 2:02:38 PM ::1 Returned 304 in 3 ms
 HTTP  2/1/2026 2:02:38 PM ::1 GET /assets/css/fonts.css
 HTTP  2/1/2026 2:02:38 PM ::1 GET /assets/css/common.css
 HTTP  2/1/2026 2:02:38 PM ::1 Returned 304 in 2 ms
 HTTP  2/1/2026 2:02:38 PM ::1 Returned 304 in 3 ms
 HTTP  2/1/2026 2:02:38 PM ::1 Returned 200 in 9 ms
 HTTP  2/1/2026 2:02:38 PM ::1 GET /assets/images/nfxid.webp
 HTTP  2/1/2026 2:02:38 PM ::1 GET /assets/js/vendor-loader.js?v=2
 HTTP  2/1/2026 2:02:38 PM ::1 Returned 404 in 7 ms
 HTTP  2/1/2026 2:02:38 PM ::1 Returned 304 in 2 ms
 HTTP  2/1/2026 2:02:38 PM ::1 GET /assets/js/page-nfxid.js?v=2
 HTTP  2/1/2026 2:02:38 PM ::1 GET /assets/js/shared.js?v=2
 HTTP  2/1/2026 2:02:38 PM ::1 Returned 304 in 1 ms
 HTTP  2/1/2026 2:02:38 PM ::1 Returned 200 in 3 ms
 HTTP  2/1/2026 2:02:40 PM ::1 GET /~partytown/partytown-sw.js
 HTTP  2/1/2026 2:02:40 PM ::1 Returned 304 in 2 ms
 HTTP  2/1/2026 2:02:40 PM ::1 GET /kurmer/
 HTTP  2/1/2026 2:02:40 PM ::1 Returned 200 in 4 ms
 HTTP  2/1/2026 2:02:40 PM ::1 GET /fonts/inter/inter-latin-400-normal.woff2
 HTTP  2/1/2026 2:02:40 PM ::1 GET /fonts/inter/inter-latin-700-normal.woff2
 HTTP  2/1/2026 2:02:40 PM ::1 GET /fonts/fontawesome/webfonts/fa-brands-400.subset.woff2
 HTTP  2/1/2026 2:02:40 PM ::1 GET /assets/css/kurmer.css
 HTTP  2/1/2026 2:02:40 PM ::1 GET /fonts/fontawesome/webfonts/fa-solid-900.subset.woff2
 HTTP  2/1/2026 2:02:40 PM ::1 Returned 304 in 4 ms
 HTTP  2/1/2026 2:02:40 PM ::1 Returned 304 in 3 ms
 HTTP  2/1/2026 2:02:40 PM ::1 Returned 304 in 4 ms
 HTTP  2/1/2026 2:02:40 PM ::1 Returned 304 in 2 ms
 HTTP  2/1/2026 2:02:40 PM ::1 GET /fonts/fontawesome/webfonts/fa-regular-400.subset.woff2
 HTTP  2/1/2026 2:02:40 PM ::1 GET /assets/css/fonts.css
 HTTP  2/1/2026 2:02:40 PM ::1 Returned 304 in 1 ms
 HTTP  2/1/2026 2:02:40 PM ::1 Returned 304 in 1 ms
 HTTP  2/1/2026 2:02:40 PM ::1 Returned 200 in 5 ms
 HTTP  2/1/2026 2:02:40 PM ::1 GET /assets/css/common.css
 HTTP  2/1/2026 2:02:40 PM ::1 Returned 304 in 1 ms
 HTTP  2/1/2026 2:02:40 PM ::1 GET /assets/images/kurmer.webp
 HTTP  2/1/2026 2:02:40 PM ::1 GET /assets/js/page-kurmer.js?v=2
 HTTP  2/1/2026 2:02:40 PM ::1 GET /assets/js/vendor-loader.js?v=2
 HTTP  2/1/2026 2:02:40 PM ::1 GET /assets/js/shared.js?v=2
 HTTP  2/1/2026 2:02:40 PM ::1 Returned 304 in 1 ms
 HTTP  2/1/2026 2:02:40 PM ::1 Returned 304 in 2 ms
 HTTP  2/1/2026 2:02:40 PM ::1 Returned 200 in 5 ms
 HTTP  2/1/2026 2:02:40 PM ::1 Returned 404 in 6 ms
 HTTP  2/1/2026 2:02:42 PM ::1 GET /~partytown/partytown-sw.js
 HTTP  2/1/2026 2:02:42 PM ::1 Returned 304 in 2 ms

 INFO  Gracefully shutting down. Please wait...
